<?xml version="1.0" encoding="UTF-8"?>
<!-- Generated by org.testng.reporters.JUnitReportReporter -->
<testsuite hostname="INDLT-35JV373" failures="0" tests="2" name="ParentGroup.EndToEndProject.HomePage" time="51.157" errors="0" timestamp="19 Feb 2022 08:38:12 GMT">
  <testcase classname="ParentGroup.EndToEndProject.HomePage" name="SandboxHomePage" time="29.502"/>
  <testcase classname="ParentGroup.EndToEndProject.HomePage" name="SandboxHomePage" time="21.655"/>
</testsuite> <!-- ParentGroup.EndToEndProject.HomePage -->
