<?xml version="1.0" encoding="UTF-8"?>
<!-- Generated by org.testng.reporters.JUnitReportReporter -->
<testsuite hostname="INDLT-35JV373" failures="0" tests="2" name="ParentGroup.EndToEndProject.HomePage" time="54.093" errors="0" timestamp="19 Feb 2022 10:03:49 GMT">
  <testcase classname="ParentGroup.EndToEndProject.HomePage" name="SandboxHomePage" time="36.914"/>
  <testcase classname="ParentGroup.EndToEndProject.HomePage" name="SandboxHomePage" time="17.179"/>
</testsuite> <!-- ParentGroup.EndToEndProject.HomePage -->
