<?xml version="1.0" encoding="UTF-8"?>
<!-- Generated by org.testng.reporters.JUnitReportReporter -->
<testsuite hostname="INDLT-35JV373" failures="0" tests="1" name="ParentGroup.EndToEndProject.ValidateTitle" time="0.111" errors="0" timestamp="19 Feb 2022 09:48:18 GMT">
  <testcase classname="ParentGroup.EndToEndProject.ValidateTitle" name="ValidateHomepageTitle" time="0.111"/>
</testsuite> <!-- ParentGroup.EndToEndProject.ValidateTitle -->
