<?xml version="1.0" encoding="UTF-8"?>
<!-- Generated by org.testng.reporters.JUnitReportReporter -->
<testsuite hostname="INDLT-35JV373" failures="0" tests="1" name="ParentGroup.EndToEndProject.ValidateHeaderBar" time="0.293" errors="0" timestamp="19 Feb 2022 10:03:49 GMT">
  <testcase classname="ParentGroup.EndToEndProject.ValidateHeaderBar" name="ValidateHomepageTitle" time="0.293"/>
</testsuite> <!-- ParentGroup.EndToEndProject.ValidateHeaderBar -->
